2024-01-22T18:50:37.064+06:00  INFO 130049 --- [main] c.s.u.UserManagementApplicationTests     : Starting UserManagementApplicationTests using Java 17.0.8 with PID 130049 (started by thukten in /home/thukten/Desktop/user-management)
2024-01-22T18:50:37.072+06:00  INFO 130049 --- [main] c.s.u.UserManagementApplicationTests     : No active profile set, falling back to 1 default profile: "default"
2024-01-22T18:50:37.828+06:00  INFO 130049 --- [main] .s.d.r.c.RepositoryConfigurationDelegate : Bootstrapping Spring Data JPA repositories in DEFAULT mode.
2024-01-22T18:50:37.897+06:00  INFO 130049 --- [main] .s.d.r.c.RepositoryConfigurationDelegate : Finished Spring Data repository scanning in 60 ms. Found 7 JPA repository interfaces.
2024-01-22T18:50:38.631+06:00  INFO 130049 --- [main] com.zaxxer.hikari.HikariDataSource       : HikariPool-1 - Starting...
2024-01-22T18:50:41.953+06:00  INFO 130049 --- [main] com.zaxxer.hikari.pool.HikariPool        : HikariPool-1 - Added connection com.mysql.cj.jdbc.ConnectionImpl@27e44e9c
2024-01-22T18:50:41.958+06:00  INFO 130049 --- [main] com.zaxxer.hikari.HikariDataSource       : HikariPool-1 - Start completed.
2024-01-22T18:50:41.987+06:00  INFO 130049 --- [main] o.hibernate.jpa.internal.util.LogHelper  : HHH000204: Processing PersistenceUnitInfo [name: default]
2024-01-22T18:50:42.018+06:00  INFO 130049 --- [main] org.hibernate.Version                    : HHH000412: Hibernate ORM core version 6.4.1.Final
2024-01-22T18:50:42.040+06:00  INFO 130049 --- [main] o.h.c.internal.RegionFactoryInitiator    : HHH000026: Second-level cache disabled
2024-01-22T18:50:42.210+06:00  INFO 130049 --- [main] o.s.o.j.p.SpringPersistenceUnitInfo      : No LoadTimeWeaver setup: ignoring JPA class transformer
2024-01-22T18:50:43.412+06:00  INFO 130049 --- [main] o.h.e.t.j.p.i.JtaPlatformInitiator       : HHH000489: No JTA platform available (set 'hibernate.transaction.jta.platform' to enable JTA platform integration)
2024-01-22T18:50:43.415+06:00  INFO 130049 --- [main] j.LocalContainerEntityManagerFactoryBean : Initialized JPA EntityManagerFactory for persistence unit 'default'
2024-01-22T18:50:43.641+06:00  INFO 130049 --- [main] o.s.d.j.r.query.QueryEnhancerFactory     : Hibernate is in classpath; If applicable, HQL parser will be used.
2024-01-22T18:50:44.144+06:00  WARN 130049 --- [main] JpaBaseConfiguration$JpaWebConfiguration : spring.jpa.open-in-view is enabled by default. Therefore, database queries may be performed during view rendering. Explicitly configure spring.jpa.open-in-view to disable this warning
2024-01-22T18:50:44.589+06:00  INFO 130049 --- [main] o.s.s.web.DefaultSecurityFilterChain     : Will secure any request with [org.springframework.security.web.session.DisableEncodeUrlFilter@6a2d1f6d, org.springframework.security.web.context.request.async.WebAsyncManagerIntegrationFilter@6f2a13c7, org.springframework.security.web.context.SecurityContextHolderFilter@47b4fcd5, org.springframework.security.web.header.HeaderWriterFilter@29ae939c, org.springframework.web.filter.CorsFilter@c581e65, org.springframework.security.web.authentication.logout.LogoutFilter@5a98983b, com.sdu.usermanagement.config.JwtFilter@12ff3df, org.springframework.security.web.savedrequest.RequestCacheAwareFilter@42a940dc, org.springframework.security.web.servletapi.SecurityContextHolderAwareRequestFilter@4619e076, org.springframework.security.web.authentication.AnonymousAuthenticationFilter@61cf142f, org.springframework.security.web.session.SessionManagementFilter@34329e03, org.springframework.security.web.access.ExceptionTranslationFilter@46823e8, org.springframework.security.web.access.intercept.AuthorizationFilter@6e1d63ec]
2024-01-22T18:50:44.929+06:00  INFO 130049 --- [main] c.s.u.UserManagementApplicationTests     : Started UserManagementApplicationTests in 8.109 seconds (process running for 8.921)
2024-01-22T18:50:46.059+06:00  INFO 130049 --- [main] c.s.u.UserManagementApplication          : user lenght with admin role: 1
2024-01-22T18:50:46.986+06:00  INFO 130049 --- [SpringApplicationShutdownHook] j.LocalContainerEntityManagerFactoryBean : Closing JPA EntityManagerFactory for persistence unit 'default'
2024-01-22T18:50:46.989+06:00  INFO 130049 --- [SpringApplicationShutdownHook] com.zaxxer.hikari.HikariDataSource       : HikariPool-1 - Shutdown initiated...
2024-01-22T18:50:48.313+06:00  INFO 130049 --- [SpringApplicationShutdownHook] com.zaxxer.hikari.HikariDataSource       : HikariPool-1 - Shutdown completed.
